<?xml version="1.0" encoding="UTF-8"?>
<!-- Generated by org.testng.reporters.JUnitXMLReporter -->
<testsuite ignored="0" hostname="Shaan" failures="1" tests="1" name="Test2(failed)(failed)(failed)" time="15.55" errors="0" timestamp="2022-07-27T17:03:29 IST">
  <testcase classname="org.tyss.sms.testscripts_SMS.Edit_Student" name="edit_Student" time="13.377">
    <failure type="java.lang.NullPointerException" message="Cannot invoke &amp;quot;org.openqa.selenium.WebDriver.findElement(org.openqa.selenium.By)&amp;quot; because the return value of &amp;quot;org.tyss.sms.genericUtility.Driver_Class.getDriver()&amp;quot; is null">
      <![CDATA[java.lang.NullPointerException: Cannot invoke "org.openqa.selenium.WebDriver.findElement(org.openqa.selenium.By)" because the return value of "org.tyss.sms.genericUtility.Driver_Class.getDriver()" is null
at org.tyss.sms.pageRepository.AllStudentPage_SMS.convertXpathToDynamicElement(AllStudentPage_SMS.java:94)
at org.tyss.sms.pageRepository.AllStudentPage_SMS.click_on_CheckBox(AllStudentPage_SMS.java:104)
at org.tyss.sms.testscripts_SMS.Edit_Student.edit_Student(Edit_Student.java:34)
at java.base/java.util.ArrayList.forEach(ArrayList.java:1511)
at java.base/java.util.concurrent.FutureTask.run(FutureTask.java:264)
at java.base/java.util.concurrent.ThreadPoolExecutor.runWorker(ThreadPoolExecutor.java:1130)
at java.base/java.util.concurrent.ThreadPoolExecutor$Worker.run(ThreadPoolExecutor.java:630)
at java.base/java.lang.Thread.run(Thread.java:831)
... Removed 17 stack frames]]>
    </failure>
  </testcase> <!-- edit_Student -->
</testsuite> <!-- Test2(failed)(failed)(failed) -->
